0 info it worked if it ends with ok
1 verbose cli [ '/node/bin/node', '/node/bin/npm', 'run', 'test' ]
2 info using npm@1.3.21
3 info using node@v0.10.24
4 verbose run-script [ 'pretest', 'test', 'posttest' ]
5 info pretest CursoNodeCaelum@0.0.0
6 info test CursoNodeCaelum@0.0.0
7 verbose unsafe-perm in lifecycle true
8 info CursoNodeCaelum@0.0.0 Failed to exec test script
9 error CursoNodeCaelum@0.0.0 test: `node test`
9 error Exit status 8
10 error Failed at the CursoNodeCaelum@0.0.0 test script.
10 error This is most likely a problem with the CursoNodeCaelum package,
10 error not with npm itself.
10 error Tell the author that this fails on your system:
10 error     node test
10 error You can get their info via:
10 error     npm owner ls CursoNodeCaelum
10 error There is likely additional logging output above.
11 error System Linux 3.13.0-76-generic
12 error command "/node/bin/node" "/node/bin/npm" "run" "test"
13 error cwd /home/node6542/Documents/elton/CursoNodeCaelum
14 error node -v v0.10.24
15 error npm -v 1.3.21
16 error code ELIFECYCLE
17 verbose exit [ 1, true ]
